  Mahjong.cpp
D:\GitHub\Mahjong\Mahjong\Mahjong.cpp(188,24): warning C4018: “<=”: 有符号/无符号不匹配
D:\GitHub\Mahjong\Mahjong\Mahjong.cpp(190,13): warning C4018: “<”: 有符号/无符号不匹配
  Pai.cpp
  MahjongSystem.cpp
D:\GitHub\Mahjong\Mahjong\MahjongSystem.cpp(2202,21): warning C4018: “<”: 有符号/无符号不匹配
D:\GitHub\Mahjong\Mahjong\MahjongSystem.cpp(2252,22): warning C4018: “<”: 有符号/无符号不匹配
D:\GitHub\Mahjong\Mahjong\MahjongSystem.cpp(2802,21): warning C4018: “<”: 有符号/无符号不匹配
D:\GitHub\Mahjong\Mahjong\MahjongSystem.cpp(2805,26): warning C4018: “<”: 有符号/无符号不匹配
D:\GitHub\Mahjong\Mahjong\MahjongSystem.cpp(2825,21): warning C4018: “<”: 有符号/无符号不匹配
D:\GitHub\Mahjong\Mahjong\MahjongSystem.cpp(2970,20): warning C4018: “<”: 有符号/无符号不匹配
D:\GitHub\Mahjong\Mahjong\MahjongSystem.cpp(3294,20): warning C4018: “<”: 有符号/无符号不匹配
D:\GitHub\Mahjong\Mahjong\MahjongSystem.cpp(3296,20): warning C4018: “<”: 有符号/无符号不匹配
D:\GitHub\Mahjong\Mahjong\MahjongSystem.cpp(3302,20): warning C4018: “<”: 有符号/无符号不匹配
D:\GitHub\Mahjong\Mahjong\MahjongSystem.cpp(3313,20): warning C4018: “<”: 有符号/无符号不匹配
D:\GitHub\Mahjong\Mahjong\MahjongSystem.cpp(3365,21): warning C4018: “<”: 有符号/无符号不匹配
D:\GitHub\Mahjong\Mahjong\MahjongSystem.cpp(3372,22): warning C4018: “<=”: 有符号/无符号不匹配
D:\GitHub\Mahjong\Mahjong\MahjongSystem.cpp(3394,22): warning C4018: “<=”: 有符号/无符号不匹配
D:\GitHub\Mahjong\Mahjong\MahjongSystem.cpp(3402,21): warning C4018: “<=”: 有符号/无符号不匹配
D:\GitHub\Mahjong\Mahjong\MahjongSystem.cpp(3421,21): warning C4018: “<”: 有符号/无符号不匹配
D:\GitHub\Mahjong\Mahjong\MahjongSystem.cpp(3426,22): warning C4018: “<=”: 有符号/无符号不匹配
D:\GitHub\Mahjong\Mahjong\MahjongSystem.cpp(3443,21): warning C4018: “<=”: 有符号/无符号不匹配
D:\GitHub\Mahjong\Mahjong\MahjongSystem.cpp(3495,22): warning C4018: “<”: 有符号/无符号不匹配
D:\GitHub\Mahjong\Mahjong\MahjongSystem.cpp(3515,21): warning C4018: “<=”: 有符号/无符号不匹配
D:\GitHub\Mahjong\Mahjong\MahjongSystem.cpp(3532,20): warning C4018: “<=”: 有符号/无符号不匹配
  Yaku.cpp
  正在生成代码
D:\GitHub\Mahjong\Mahjong\MahjongSystem.cpp(3287): warning C4715: “MahjongSystem::ispon”: 不是所有的控件路径都返回值
D:\GitHub\Mahjong\Mahjong\MahjongSystem.cpp(3263): warning C4715: “MahjongSystem::ischii”: 不是所有的控件路径都返回值
  451 of 459 functions (98.3%) were compiled, the rest were copied from previous compilation.
    2 functions were new in current compilation
    1 functions had inline decision re-evaluated but remain unchanged
  已完成代码的生成
  Mahjong.vcxproj -> D:\GitHub\Mahjong\Release\Mahjong.exe
